Mosek was successfully activated.

/home/yiranwang/combinartorics/cytools/src/cytools/config.py:151: UserWarning: 
**************************************************************
Warning: You have enabled experimental features of CYTools.
Some of these features may be broken or not fully tested,
and they may undergo significant changes in future versions.
**************************************************************

  warnings.warn(
Using triangulation objective: reward=max_cy_volume goal=max cy_volume_reward_transform=log
Using training device: cuda:0
Using PyTorch CPU threads: intra_op=1 interop=1
Loading CY dataset from data/cy/two_neighbors_h11_12.samples.jsonl
Dataset split: train_polytopes=8 eval_polytopes=4 coord_dim=4 train_mean_vertices=16.88 eval_mean_vertices=17.25
Hardest eval polytopes: [28, 22, 23, 26]
Built CY collections: train_initial_states=8 eval_initial_states=4 time=0.19s
Checkpoint directory already exists at ckpt/runs/snn_log_volume_five_step_seed0/checkpoints
Using policy in_channels=4
Using subcomplex_actor_type=snn_simplex
Writing iteration metrics to runs/snn_log_volume_five_step_seed0/iteration_metrics.jsonl
Train initial state filter: actionable=8/8 time=7.37s
Eval initial state filter: actionable=4/4 time=3.63s
Iteration 1/25
/home/yiranwang/combinartorics/TriSearch-Calabi-Yau/scripts/../core/snn_simplex_topology.py:113: UserWarning: Sparse CSR tensor support is in beta state. If you miss a functionality in the sparse tensor support, please submit a feature request to https://github.com/pytorch/pytorch/issues. (Triggered internally at /opt/conda/conda-bld/pytorch_1724789145202/work/aten/src/ATen/SparseCsrTensorImpl.cpp:53.)
  laplacian = torch.sparse.mm(boundary.transpose(0, 1), boundary).coalesce()
Rollout: return=1.2646 return_std=0.7727 return_min=-0.2787 return_max=2.7862 discounted_reward=1.2140 success_rate=0.0000 finished_fraction=0.0000 finished_count=0 mean_candidates=9.8875 valid_action_fraction=1.0000 frt_hits=0 collapsed_hits=0 dead_end_hits=0 all_step_resets=0 expanded_states=148 discovered_states=1114 objective_initial_mean=478.0253 objective_final_mean=1793.4192 objective_best_mean=2654.5680 objective_mean_improvement=2176.5427 objective_improved_fraction=1.0000
Eval: return=0.3437 return_std=0.6167 return_min=-0.7386 return_max=1.0153 discounted_reward=0.3008 success_rate=0.0000 finished_fraction=0.0000 finished_count=0 mean_candidates=11.8063 valid_action_fraction=1.0000 frt_hits=0 collapsed_hits=0 dead_end_hits=0 all_step_resets=0 expanded_states=9 discovered_states=65 objective_initial_mean=1095.4829 objective_final_mean=1701.4301 objective_best_mean=1838.3904 objective_mean_improvement=742.9076 objective_improved_fraction=0.7812
Train: policy_loss=-0.000004 value_loss=0.446141 explained_variance=0.004765 clip_ratio=0.000000
System: rss_gb=1.63 hwm_gb=1.63 gpu_peak_mem_mb=173.7 graph_nodes=1217 graph_edges=1456 cached_states=156 discovered_states=148 hot_cache=148 shared_subcomplex_cache=169 shared_transition_cache=169 data_graph_cache=169 data_subcomplex_cache=169 count_bonus_tracked_states=0
Timing: rollout_sec=120.05 bootstrap_sec=0.02 prepare_sec=0.00 train_sec=0.23 eval_sec=8.51 iteration_sec=128.82
Iteration 2/25
Rollout: return=1.1435 return_std=0.6334 return_min=-0.0070 return_max=2.5067 discounted_reward=1.0699 success_rate=0.0000 finished_fraction=0.0000 finished_count=0 mean_candidates=9.6500 valid_action_fraction=1.0000 frt_hits=0 collapsed_hits=0 dead_end_hits=0 all_step_resets=0 expanded_states=128 discovered_states=775 objective_initial_mean=504.1270 objective_final_mean=1664.2562 objective_best_mean=2248.9004 objective_mean_improvement=1744.7735 objective_improved_fraction=0.9688
Eval: return=0.2317 return_std=0.5986 return_min=-0.7386 return_max=1.0153 discounted_reward=0.1972 success_rate=0.0000 finished_fraction=0.0000 finished_count=0 mean_candidates=12.9625 valid_action_fraction=1.0000 frt_hits=0 collapsed_hits=0 dead_end_hits=0 all_step_resets=0 expanded_states=0 discovered_states=0 objective_initial_mean=882.9913 objective_final_mean=1221.4384 objective_best_mean=1377.9644 objective_mean_improvement=494.9731 objective_improved_fraction=0.7500
Train: policy_loss=-0.000022 value_loss=0.322669 explained_variance=-0.001178 clip_ratio=0.000000
System: rss_gb=1.70 hwm_gb=1.70 gpu_peak_mem_mb=179.9 graph_nodes=1992 graph_edges=2591 cached_states=284 discovered_states=276 hot_cache=276 shared_subcomplex_cache=297 shared_transition_cache=297 data_graph_cache=297 data_subcomplex_cache=297 count_bonus_tracked_states=0
Timing: rollout_sec=100.65 bootstrap_sec=0.02 prepare_sec=0.00 train_sec=0.07 eval_sec=0.08 iteration_sec=100.82
Iteration 3/25
Rollout: return=1.2295 return_std=0.7485 return_min=-0.3677 return_max=3.1031 discounted_reward=1.1803 success_rate=0.0000 finished_fraction=0.0000 finished_count=0 mean_candidates=9.9812 valid_action_fraction=1.0000 frt_hits=0 collapsed_hits=0 dead_end_hits=0 all_step_resets=0 expanded_states=134 discovered_states=858 objective_initial_mean=461.1934 objective_final_mean=1538.0520 objective_best_mean=2346.8981 objective_mean_improvement=1885.7048 objective_improved_fraction=1.0000
Eval: return=0.3962 return_std=0.6036 return_min=-0.7386 return_max=1.0153 discounted_reward=0.3503 success_rate=0.0000 finished_fraction=0.0000 finished_count=0 mean_candidates=12.4000 valid_action_fraction=1.0000 frt_hits=0 collapsed_hits=0 dead_end_hits=0 all_step_resets=0 expanded_states=0 discovered_states=0 objective_initial_mean=842.2418 objective_final_mean=1358.4356 objective_best_mean=1475.8302 objective_mean_improvement=633.5884 objective_improved_fraction=0.8125
Train: policy_loss=0.000081 value_loss=0.421989 explained_variance=0.008119 clip_ratio=0.000000
System: rss_gb=1.78 hwm_gb=1.78 gpu_peak_mem_mb=180.2 graph_nodes=2850 graph_edges=3838 cached_states=418 discovered_states=410 hot_cache=410 shared_subcomplex_cache=431 shared_transition_cache=431 data_graph_cache=431 data_subcomplex_cache=431 count_bonus_tracked_states=0
Timing: rollout_sec=110.59 bootstrap_sec=0.02 prepare_sec=0.00 train_sec=0.07 eval_sec=0.08 iteration_sec=110.76
Iteration 4/25
Rollout: return=1.1819 return_std=0.8785 return_min=-1.1950 return_max=2.6903 discounted_reward=1.1287 success_rate=0.0000 finished_fraction=0.0000 finished_count=0 mean_candidates=10.0938 valid_action_fraction=1.0000 frt_hits=0 collapsed_hits=0 dead_end_hits=0 all_step_resets=0 expanded_states=120 discovered_states=731 objective_initial_mean=405.6662 objective_final_mean=1316.2257 objective_best_mean=2155.5179 objective_mean_improvement=1749.8517 objective_improved_fraction=0.9688
Eval: return=0.2167 return_std=0.7299 return_min=-0.7386 return_max=1.0153 discounted_reward=0.1786 success_rate=0.0000 finished_fraction=0.0000 finished_count=0 mean_candidates=11.5062 valid_action_fraction=1.0000 frt_hits=0 collapsed_hits=0 dead_end_hits=0 all_step_resets=0 expanded_states=0 discovered_states=0 objective_initial_mean=945.8362 objective_final_mean=1312.6281 objective_best_mean=1527.8514 objective_mean_improvement=582.0152 objective_improved_fraction=0.6562
Train: policy_loss=0.000001 value_loss=0.435668 explained_variance=-0.009657 clip_ratio=0.000000
System: rss_gb=1.83 hwm_gb=1.83 gpu_peak_mem_mb=178.8 graph_nodes=3581 graph_edges=4933 cached_states=538 discovered_states=530 hot_cache=530 shared_subcomplex_cache=551 shared_transition_cache=551 data_graph_cache=551 data_subcomplex_cache=551 count_bonus_tracked_states=0
Timing: rollout_sec=98.62 bootstrap_sec=0.02 prepare_sec=0.00 train_sec=0.08 eval_sec=0.08 iteration_sec=98.80
Iteration 5/25
Rollout: return=0.8969 return_std=0.7329 return_min=-0.5747 return_max=2.3967 discounted_reward=0.8648 success_rate=0.0000 finished_fraction=0.0000 finished_count=0 mean_candidates=10.1000 valid_action_fraction=1.0000 frt_hits=0 collapsed_hits=0 dead_end_hits=0 all_step_resets=0 expanded_states=89 discovered_states=482 objective_initial_mean=666.5993 objective_final_mean=1558.3144 objective_best_mean=2200.3438 objective_mean_improvement=1533.7445 objective_improved_fraction=0.9375
Eval: return=0.5150 return_std=0.2557 return_min=0.2917 return_max=1.0153 discounted_reward=0.4685 success_rate=0.0000 finished_fraction=0.0000 finished_count=0 mean_candidates=12.1813 valid_action_fraction=1.0000 frt_hits=0 collapsed_hits=0 dead_end_hits=0 all_step_resets=0 expanded_states=2 discovered_states=9 objective_initial_mean=1028.2741 objective_final_mean=1739.8958 objective_best_mean=1739.8958 objective_mean_improvement=711.6217 objective_improved_fraction=1.0000
Train: policy_loss=-0.000025 value_loss=0.287767 explained_variance=0.002043 clip_ratio=0.000000
System: rss_gb=1.89 hwm_gb=1.89 gpu_peak_mem_mb=180.6 graph_nodes=4063 graph_edges=5744 cached_states=627 discovered_states=619 hot_cache=619 shared_subcomplex_cache=642 shared_transition_cache=642 data_graph_cache=642 data_subcomplex_cache=642 count_bonus_tracked_states=0
Timing: rollout_sec=75.70 bootstrap_sec=0.02 prepare_sec=0.00 train_sec=0.07 eval_sec=1.64 iteration_sec=77.44
Iteration 6/25
Rollout: return=0.9338 return_std=0.6874 return_min=-0.2787 return_max=2.2205 discounted_reward=0.9022 success_rate=0.0000 finished_fraction=0.0000 finished_count=0 mean_candidates=9.8063 valid_action_fraction=1.0000 frt_hits=0 collapsed_hits=0 dead_end_hits=0 all_step_resets=0 expanded_states=108 discovered_states=544 objective_initial_mean=511.1692 objective_final_mean=1222.0928 objective_best_mean=1963.9231 objective_mean_improvement=1452.7539 objective_improved_fraction=1.0000
Eval: return=0.5445 return_std=0.3875 return_min=-0.0598 return_max=1.0153 discounted_reward=0.4990 success_rate=0.0000 finished_fraction=0.0000 finished_count=0 mean_candidates=12.0875 valid_action_fraction=1.0000 frt_hits=0 collapsed_hits=0 dead_end_hits=0 all_step_resets=0 expanded_states=1 discovered_states=11 objective_initial_mean=801.0228 objective_final_mean=1346.2084 objective_best_mean=1515.7292 objective_mean_improvement=714.7064 objective_improved_fraction=1.0000
Train: policy_loss=0.000019 value_loss=0.257180 explained_variance=0.010848 clip_ratio=0.000000
System: rss_gb=1.94 hwm_gb=1.94 gpu_peak_mem_mb=179.9 graph_nodes=4607 graph_edges=6699 cached_states=735 discovered_states=727 hot_cache=727 shared_subcomplex_cache=751 shared_transition_cache=751 data_graph_cache=751 data_subcomplex_cache=751 count_bonus_tracked_states=0
Timing: rollout_sec=88.51 bootstrap_sec=0.02 prepare_sec=0.00 train_sec=0.07 eval_sec=1.14 iteration_sec=89.75
Iteration 7/25
Rollout: return=1.1591 return_std=0.7935 return_min=-0.6589 return_max=3.1406 discounted_reward=1.1167 success_rate=0.0000 finished_fraction=0.0000 finished_count=0 mean_candidates=9.9500 valid_action_fraction=1.0000 frt_hits=0 collapsed_hits=0 dead_end_hits=0 all_step_resets=0 expanded_states=103 discovered_states=598 objective_initial_mean=545.3647 objective_final_mean=1671.0808 objective_best_mean=2579.2083 objective_mean_improvement=2033.8436 objective_improved_fraction=1.0000
Eval: return=0.5160 return_std=0.6445 return_min=-0.0598 return_max=1.5352 discounted_reward=0.4847 success_rate=0.0000 finished_fraction=0.0000 finished_count=0 mean_candidates=11.8625 valid_action_fraction=1.0000 frt_hits=0 collapsed_hits=0 dead_end_hits=0 all_step_resets=0 expanded_states=3 discovered_states=21 objective_initial_mean=1152.7999 objective_final_mean=1509.2643 objective_best_mean=2080.8268 objective_mean_improvement=928.0269 objective_improved_fraction=1.0000
Train: policy_loss=-0.000008 value_loss=0.370395 explained_variance=0.012328 clip_ratio=0.000000
System: rss_gb=2.00 hwm_gb=2.00 gpu_peak_mem_mb=180.1 graph_nodes=5205 graph_edges=7645 cached_states=838 discovered_states=830 hot_cache=830 shared_subcomplex_cache=857 shared_transition_cache=857 data_graph_cache=856 data_subcomplex_cache=856 count_bonus_tracked_states=0
Timing: rollout_sec=84.79 bootstrap_sec=0.02 prepare_sec=0.00 train_sec=0.07 eval_sec=2.82 iteration_sec=87.70
Iteration 8/25
Rollout: return=1.1419 return_std=0.8102 return_min=-0.5325 return_max=2.3562 discounted_reward=1.0521 success_rate=0.0000 finished_fraction=0.0000 finished_count=0 mean_candidates=9.8875 valid_action_fraction=1.0000 frt_hits=0 collapsed_hits=0 dead_end_hits=0 all_step_resets=0 expanded_states=89 discovered_states=392 objective_initial_mean=535.7517 objective_final_mean=1641.5591 objective_best_mean=2082.4396 objective_mean_improvement=1546.6879 objective_improved_fraction=0.9688
Eval: return=0.7525 return_std=0.6237 return_min=-0.0598 return_max=1.5352 discounted_reward=0.6971 success_rate=0.0000 finished_fraction=0.0000 finished_count=0 mean_candidates=11.5437 valid_action_fraction=1.0000 frt_hits=0 collapsed_hits=0 dead_end_hits=0 all_step_resets=0 expanded_states=0 discovered_states=0 objective_initial_mean=945.4367 objective_final_mean=1566.7682 objective_best_mean=2011.1901 objective_mean_improvement=1065.7534 objective_improved_fraction=1.0000
Train: policy_loss=-0.000040 value_loss=0.373728 explained_variance=-0.000506 clip_ratio=0.000000
System: rss_gb=2.05 hwm_gb=2.05 gpu_peak_mem_mb=180.2 graph_nodes=5597 graph_edges=8432 cached_states=927 discovered_states=919 hot_cache=919 shared_subcomplex_cache=946 shared_transition_cache=946 data_graph_cache=945 data_subcomplex_cache=945 count_bonus_tracked_states=0
Timing: rollout_sec=73.36 bootstrap_sec=0.02 prepare_sec=0.00 train_sec=0.07 eval_sec=0.08 iteration_sec=73.54
Iteration 9/25
Rollout: return=1.2311 return_std=0.6892 return_min=-0.1207 return_max=2.8483 discounted_reward=1.1793 success_rate=0.0000 finished_fraction=0.0000 finished_count=0 mean_candidates=9.8938 valid_action_fraction=1.0000 frt_hits=0 collapsed_hits=0 dead_end_hits=0 all_step_resets=0 expanded_states=95 discovered_states=438 objective_initial_mean=460.3150 objective_final_mean=1545.3888 objective_best_mean=2297.8394 objective_mean_improvement=1837.5244 objective_improved_fraction=1.0000
Eval: return=0.6684 return_std=0.6151 return_min=-0.0598 return_max=1.5352 discounted_reward=0.6510 success_rate=0.0000 finished_fraction=0.0000 finished_count=0 mean_candidates=10.9187 valid_action_fraction=1.0000 frt_hits=0 collapsed_hits=0 dead_end_hits=0 all_step_resets=0 expanded_states=0 discovered_states=0 objective_initial_mean=1009.3249 objective_final_mean=1570.6934 objective_best_mean=2007.2402 objective_mean_improvement=997.9153 objective_improved_fraction=1.0000
Train: policy_loss=-0.000037 value_loss=0.346326 explained_variance=-0.019901 clip_ratio=0.000000
System: rss_gb=2.10 hwm_gb=2.10 gpu_peak_mem_mb=180.3 graph_nodes=6035 graph_edges=9280 cached_states=1022 discovered_states=1014 hot_cache=1014 shared_subcomplex_cache=1041 shared_transition_cache=1041 data_graph_cache=1041 data_subcomplex_cache=1041 count_bonus_tracked_states=0
Timing: rollout_sec=78.33 bootstrap_sec=0.02 prepare_sec=0.00 train_sec=0.07 eval_sec=0.08 iteration_sec=78.50
Iteration 10/25
Rollout: return=0.9966 return_std=0.8600 return_min=-0.8527 return_max=2.7963 discounted_reward=0.9693 success_rate=0.0000 finished_fraction=0.0000 finished_count=0 mean_candidates=9.9000 valid_action_fraction=1.0000 frt_hits=0 collapsed_hits=0 dead_end_hits=0 all_step_resets=0 expanded_states=90 discovered_states=411 objective_initial_mean=615.2128 objective_final_mean=1592.5398 objective_best_mean=2696.4804 objective_mean_improvement=2081.2676 objective_improved_fraction=1.0000
Eval: return=0.6789 return_std=0.6648 return_min=-0.0598 return_max=1.5352 discounted_reward=0.6623 success_rate=0.0000 finished_fraction=0.0000 finished_count=0 mean_candidates=11.2500 valid_action_fraction=1.0000 frt_hits=0 collapsed_hits=0 dead_end_hits=0 all_step_resets=0 expanded_states=0 discovered_states=0 objective_initial_mean=1019.7906 objective_final_mean=1524.5072 objective_best_mean=1631.7051 objective_mean_improvement=611.9145 objective_improved_fraction=0.6562
Train: policy_loss=0.000009 value_loss=0.363132 explained_variance=-0.023937 clip_ratio=0.000000
System: rss_gb=2.15 hwm_gb=2.15 gpu_peak_mem_mb=180.2 graph_nodes=6446 graph_edges=10091 cached_states=1112 discovered_states=1104 hot_cache=1104 shared_subcomplex_cache=1131 shared_transition_cache=1131 data_graph_cache=1131 data_subcomplex_cache=1131 count_bonus_tracked_states=0
Timing: rollout_sec=73.38 bootstrap_sec=0.02 prepare_sec=0.00 train_sec=0.07 eval_sec=0.08 iteration_sec=73.55
Iteration 11/25
Rollout: return=1.2509 return_std=0.8984 return_min=-0.1720 return_max=3.5678 discounted_reward=1.1559 success_rate=0.0000 finished_fraction=0.0000 finished_count=0 mean_candidates=10.0250 valid_action_fraction=1.0000 frt_hits=0 collapsed_hits=0 dead_end_hits=0 all_step_resets=0 expanded_states=78 discovered_states=317 objective_initial_mean=535.6061 objective_final_mean=2055.5238 objective_best_mean=2862.2404 objective_mean_improvement=2326.6342 objective_improved_fraction=1.0000
Eval: return=0.3885 return_std=0.4262 return_min=-0.0598 return_max=1.0153 discounted_reward=0.3873 success_rate=0.0000 finished_fraction=0.0000 finished_count=0 mean_candidates=11.1500 valid_action_fraction=1.0000 frt_hits=0 collapsed_hits=0 dead_end_hits=0 all_step_resets=0 expanded_states=2 discovered_states=0 objective_initial_mean=1109.6686 objective_final_mean=1508.8799 objective_best_mean=1691.2246 objective_mean_improvement=581.5560 objective_improved_fraction=0.6562
Train: policy_loss=0.000042 value_loss=0.539232 explained_variance=-0.007103 clip_ratio=0.000000
System: rss_gb=2.19 hwm_gb=2.19 gpu_peak_mem_mb=180.5 graph_nodes=6763 graph_edges=10799 cached_states=1190 discovered_states=1182 hot_cache=1182 shared_subcomplex_cache=1211 shared_transition_cache=1211 data_graph_cache=1211 data_subcomplex_cache=1211 count_bonus_tracked_states=0
Timing: rollout_sec=67.80 bootstrap_sec=0.02 prepare_sec=0.00 train_sec=0.07 eval_sec=2.39 iteration_sec=70.28
Iteration 12/25
Rollout: return=1.0274 return_std=0.6657 return_min=-0.5747 return_max=2.2226 discounted_reward=0.9882 success_rate=0.0000 finished_fraction=0.0000 finished_count=0 mean_candidates=10.1687 valid_action_fraction=1.0000 frt_hits=0 collapsed_hits=0 dead_end_hits=0 all_step_resets=0 expanded_states=84 discovered_states=441 objective_initial_mean=479.5614 objective_final_mean=1241.3610 objective_best_mean=1720.8788 objective_mean_improvement=1241.3174 objective_improved_fraction=1.0000
Eval: return=0.3903 return_std=0.3718 return_min=-0.0598 return_max=1.0153 discounted_reward=0.4228 success_rate=0.0000 finished_fraction=0.0000 finished_count=0 mean_candidates=11.5188 valid_action_fraction=1.0000 frt_hits=0 collapsed_hits=0 dead_end_hits=0 all_step_resets=0 expanded_states=0 discovered_states=0 objective_initial_mean=930.7815 objective_final_mean=1281.9415 objective_best_mean=1600.4017 objective_mean_improvement=669.6202 objective_improved_fraction=0.7500
Train: policy_loss=0.000038 value_loss=0.270695 explained_variance=0.024960 clip_ratio=0.000000
System: rss_gb=2.24 hwm_gb=2.24 gpu_peak_mem_mb=180.6 graph_nodes=7204 graph_edges=11617 cached_states=1274 discovered_states=1266 hot_cache=1266 shared_subcomplex_cache=1295 shared_transition_cache=1295 data_graph_cache=1295 data_subcomplex_cache=1295 count_bonus_tracked_states=0
Timing: rollout_sec=75.20 bootstrap_sec=0.02 prepare_sec=0.00 train_sec=0.07 eval_sec=0.08 iteration_sec=75.38
Iteration 13/25
Rollout: return=0.9447 return_std=0.7506 return_min=-0.9467 return_max=2.2720 discounted_reward=0.9398 success_rate=0.0000 finished_fraction=0.0000 finished_count=0 mean_candidates=9.7500 valid_action_fraction=1.0000 frt_hits=0 collapsed_hits=0 dead_end_hits=0 all_step_resets=0 expanded_states=81 discovered_states=305 objective_initial_mean=494.1215 objective_final_mean=1242.3740 objective_best_mean=1897.4947 objective_mean_improvement=1403.3732 objective_improved_fraction=1.0000
Eval: return=0.4155 return_std=0.3800 return_min=-0.0598 return_max=1.0153 discounted_reward=0.4127 success_rate=0.0000 finished_fraction=0.0000 finished_count=0 mean_candidates=11.4062 valid_action_fraction=1.0000 frt_hits=0 collapsed_hits=0 dead_end_hits=0 all_step_resets=0 expanded_states=0 discovered_states=0 objective_initial_mean=987.0551 objective_final_mean=1407.0005 objective_best_mean=1634.5456 objective_mean_improvement=647.4904 objective_improved_fraction=0.7812
Train: policy_loss=0.000005 value_loss=0.303190 explained_variance=0.012098 clip_ratio=0.000000
System: rss_gb=2.29 hwm_gb=2.29 gpu_peak_mem_mb=180.0 graph_nodes=7509 graph_edges=12336 cached_states=1355 discovered_states=1347 hot_cache=1347 shared_subcomplex_cache=1376 shared_transition_cache=1376 data_graph_cache=1376 data_subcomplex_cache=1376 count_bonus_tracked_states=0
Timing: rollout_sec=64.96 bootstrap_sec=0.02 prepare_sec=0.00 train_sec=0.08 eval_sec=0.08 iteration_sec=65.13
Iteration 14/25
Rollout: return=0.9077 return_std=0.7851 return_min=-1.6059 return_max=2.3252 discounted_reward=0.8613 success_rate=0.0000 finished_fraction=0.0000 finished_count=0 mean_candidates=9.9437 valid_action_fraction=1.0000 frt_hits=0 collapsed_hits=0 dead_end_hits=0 all_step_resets=0 expanded_states=81 discovered_states=341 objective_initial_mean=622.4052 objective_final_mean=1586.8400 objective_best_mean=2240.5990 objective_mean_improvement=1618.1938 objective_improved_fraction=1.0000
Eval: return=0.3260 return_std=0.3494 return_min=-0.0598 return_max=1.0153 discounted_reward=0.3512 success_rate=0.0000 finished_fraction=0.0000 finished_count=0 mean_candidates=12.1813 valid_action_fraction=1.0000 frt_hits=0 collapsed_hits=0 dead_end_hits=0 all_step_resets=0 expanded_states=0 discovered_states=0 objective_initial_mean=972.0004 objective_final_mean=1233.4149 objective_best_mean=1587.6836 objective_mean_improvement=615.6831 objective_improved_fraction=0.6875
Train: policy_loss=-0.000137 value_loss=0.327050 explained_variance=0.012333 clip_ratio=0.000000
System: rss_gb=2.33 hwm_gb=2.33 gpu_peak_mem_mb=180.3 graph_nodes=7850 graph_edges=13060 cached_states=1436 discovered_states=1428 hot_cache=1428 shared_subcomplex_cache=1457 shared_transition_cache=1457 data_graph_cache=1457 data_subcomplex_cache=1457 count_bonus_tracked_states=0
Timing: rollout_sec=69.01 bootstrap_sec=0.02 prepare_sec=0.00 train_sec=0.07 eval_sec=0.08 iteration_sec=69.18
Iteration 15/25
Rollout: return=1.1484 return_std=0.7896 return_min=-0.0743 return_max=3.0374 discounted_reward=1.0692 success_rate=0.0000 finished_fraction=0.0000 finished_count=0 mean_candidates=10.3375 valid_action_fraction=1.0000 frt_hits=0 collapsed_hits=0 dead_end_hits=0 all_step_resets=0 expanded_states=92 discovered_states=412 objective_initial_mean=426.9916 objective_final_mean=1458.0508 objective_best_mean=1857.7547 objective_mean_improvement=1430.7631 objective_improved_fraction=1.0000
Eval: return=0.2003 return_std=0.7513 return_min=-1.2522 return_max=1.0153 discounted_reward=0.2407 success_rate=0.0000 finished_fraction=0.0000 finished_count=0 mean_candidates=11.6813 valid_action_fraction=1.0000 frt_hits=0 collapsed_hits=0 dead_end_hits=0 all_step_resets=0 expanded_states=4 discovered_states=28 objective_initial_mean=962.0041 objective_final_mean=1191.3782 objective_best_mean=1651.9551 objective_mean_improvement=689.9509 objective_improved_fraction=0.7188
Train: policy_loss=0.000011 value_loss=0.349189 explained_variance=-0.072160 clip_ratio=0.000000
System: rss_gb=2.38 hwm_gb=2.38 gpu_peak_mem_mb=180.0 graph_nodes=8262 graph_edges=13925 cached_states=1528 discovered_states=1520 hot_cache=1520 shared_subcomplex_cache=1553 shared_transition_cache=1553 data_graph_cache=1553 data_subcomplex_cache=1553 count_bonus_tracked_states=0
Timing: rollout_sec=78.61 bootstrap_sec=0.02 prepare_sec=0.00 train_sec=0.07 eval_sec=3.33 iteration_sec=82.03
Iteration 16/25
Rollout: return=0.9991 return_std=0.8107 return_min=-0.6122 return_max=2.5358 discounted_reward=0.9326 success_rate=0.0000 finished_fraction=0.0000 finished_count=0 mean_candidates=10.2375 valid_action_fraction=1.0000 frt_hits=0 collapsed_hits=0 dead_end_hits=0 all_step_resets=0 expanded_states=88 discovered_states=368 objective_initial_mean=600.9444 objective_final_mean=1551.4153 objective_best_mean=1983.8205 objective_mean_improvement=1382.8761 objective_improved_fraction=0.9375
Eval: return=-0.0146 return_std=0.7420 return_min=-1.2522 return_max=1.0153 discounted_reward=0.0498 success_rate=0.0000 finished_fraction=0.0000 finished_count=0 mean_candidates=12.1875 valid_action_fraction=1.0000 frt_hits=0 collapsed_hits=0 dead_end_hits=0 all_step_resets=0 expanded_states=0 discovered_states=0 objective_initial_mean=1002.7537 objective_final_mean=997.6205 objective_best_mean=1598.7975 objective_mean_improvement=596.0438 objective_improved_fraction=0.6875
Train: policy_loss=0.000003 value_loss=0.302004 explained_variance=-0.048653 clip_ratio=0.000000
System: rss_gb=2.44 hwm_gb=2.44 gpu_peak_mem_mb=180.3 graph_nodes=8630 graph_edges=14747 cached_states=1616 discovered_states=1608 hot_cache=1608 shared_subcomplex_cache=1641 shared_transition_cache=1641 data_graph_cache=1641 data_subcomplex_cache=1641 count_bonus_tracked_states=0
Timing: rollout_sec=75.11 bootstrap_sec=0.02 prepare_sec=0.00 train_sec=0.07 eval_sec=0.08 iteration_sec=75.28
Iteration 17/25
Rollout: return=0.8422 return_std=0.7907 return_min=-0.5722 return_max=3.0942 discounted_reward=0.8073 success_rate=0.0000 finished_fraction=0.0000 finished_count=0 mean_candidates=9.9062 valid_action_fraction=1.0000 frt_hits=0 collapsed_hits=0 dead_end_hits=0 all_step_resets=0 expanded_states=62 discovered_states=223 objective_initial_mean=486.8427 objective_final_mean=1345.9527 objective_best_mean=1782.8344 objective_mean_improvement=1295.9917 objective_improved_fraction=1.0000
Eval: return=0.0411 return_std=0.8444 return_min=-1.2522 return_max=1.0153 discounted_reward=0.0794 success_rate=0.0000 finished_fraction=0.0000 finished_count=0 mean_candidates=11.6438 valid_action_fraction=1.0000 frt_hits=0 collapsed_hits=0 dead_end_hits=0 all_step_resets=0 expanded_states=0 discovered_states=0 objective_initial_mean=989.9063 objective_final_mean=1102.4029 objective_best_mean=1648.8073 objective_mean_improvement=658.9010 objective_improved_fraction=0.7500
Train: policy_loss=-0.000031 value_loss=0.307972 explained_variance=0.112549 clip_ratio=0.000000
System: rss_gb=2.47 hwm_gb=2.47 gpu_peak_mem_mb=180.0 graph_nodes=8853 graph_edges=15304 cached_states=1678 discovered_states=1670 hot_cache=1670 shared_subcomplex_cache=1703 shared_transition_cache=1703 data_graph_cache=1703 data_subcomplex_cache=1703 count_bonus_tracked_states=0
Timing: rollout_sec=52.23 bootstrap_sec=0.02 prepare_sec=0.00 train_sec=0.07 eval_sec=0.08 iteration_sec=52.40
Iteration 18/25
Rollout: return=1.1553 return_std=0.8182 return_min=-0.1324 return_max=3.4321 discounted_reward=1.0949 success_rate=0.0000 finished_fraction=0.0000 finished_count=0 mean_candidates=9.9125 valid_action_fraction=1.0000 frt_hits=0 collapsed_hits=0 dead_end_hits=0 all_step_resets=0 expanded_states=73 discovered_states=235 objective_initial_mean=421.9302 objective_final_mean=1394.8695 objective_best_mean=1777.6368 objective_mean_improvement=1355.7066 objective_improved_fraction=1.0000
Eval: return=0.1313 return_std=0.7498 return_min=-1.2522 return_max=1.0153 discounted_reward=0.1894 success_rate=0.0000 finished_fraction=0.0000 finished_count=0 mean_candidates=12.3438 valid_action_fraction=1.0000 frt_hits=0 collapsed_hits=0 dead_end_hits=0 all_step_resets=0 expanded_states=0 discovered_states=0 objective_initial_mean=799.6845 objective_final_mean=917.4632 objective_best_mean=1553.6003 objective_mean_improvement=753.9158 objective_improved_fraction=0.8125
Train: policy_loss=0.000052 value_loss=0.359908 explained_variance=0.086081 clip_ratio=0.000000
System: rss_gb=2.50 hwm_gb=2.50 gpu_peak_mem_mb=178.7 graph_nodes=9088 graph_edges=15967 cached_states=1751 discovered_states=1743 hot_cache=1743 shared_subcomplex_cache=1776 shared_transition_cache=1776 data_graph_cache=1776 data_subcomplex_cache=1776 count_bonus_tracked_states=0
Timing: rollout_sec=61.78 bootstrap_sec=0.02 prepare_sec=0.00 train_sec=0.07 eval_sec=0.08 iteration_sec=61.95
Iteration 19/25
Rollout: return=0.8679 return_std=0.8023 return_min=-0.9982 return_max=2.5093 discounted_reward=0.8333 success_rate=0.0000 finished_fraction=0.0000 finished_count=0 mean_candidates=10.3000 valid_action_fraction=1.0000 frt_hits=0 collapsed_hits=0 dead_end_hits=0 all_step_resets=0 expanded_states=81 discovered_states=288 objective_initial_mean=541.5056 objective_final_mean=1253.9005 objective_best_mean=1821.0377 objective_mean_improvement=1279.5321 objective_improved_fraction=1.0000
Eval: return=-0.0201 return_std=0.8206 return_min=-1.2522 return_max=1.0153 discounted_reward=0.0137 success_rate=0.0000 finished_fraction=0.0000 finished_count=0 mean_candidates=11.5563 valid_action_fraction=1.0000 frt_hits=0 collapsed_hits=0 dead_end_hits=0 all_step_resets=0 expanded_states=0 discovered_states=0 objective_initial_mean=1126.2361 objective_final_mean=1185.7907 objective_best_mean=1683.6927 objective_mean_improvement=557.4566 objective_improved_fraction=0.6562
Train: policy_loss=0.000013 value_loss=0.272244 explained_variance=0.011692 clip_ratio=0.000000
System: rss_gb=2.55 hwm_gb=2.55 gpu_peak_mem_mb=180.3 graph_nodes=9376 graph_edges=16711 cached_states=1832 discovered_states=1824 hot_cache=1824 shared_subcomplex_cache=1857 shared_transition_cache=1857 data_graph_cache=1857 data_subcomplex_cache=1857 count_bonus_tracked_states=0
Timing: rollout_sec=67.70 bootstrap_sec=0.02 prepare_sec=0.00 train_sec=0.07 eval_sec=0.08 iteration_sec=67.87
Iteration 20/25
Rollout: return=1.0019 return_std=0.9193 return_min=-0.8527 return_max=3.3835 discounted_reward=0.9656 success_rate=0.0000 finished_fraction=0.0000 finished_count=0 mean_candidates=9.8063 valid_action_fraction=1.0000 frt_hits=0 collapsed_hits=0 dead_end_hits=0 all_step_resets=0 expanded_states=77 discovered_states=264 objective_initial_mean=563.4927 objective_final_mean=1624.9983 objective_best_mean=2299.9856 objective_mean_improvement=1736.4929 objective_improved_fraction=1.0000
Eval: return=0.1829 return_std=0.8048 return_min=-1.2522 return_max=1.0153 discounted_reward=0.2065 success_rate=0.0000 finished_fraction=0.0000 finished_count=0 mean_candidates=11.5563 valid_action_fraction=1.0000 frt_hits=0 collapsed_hits=0 dead_end_hits=0 all_step_resets=0 expanded_states=0 discovered_states=0 objective_initial_mean=956.7713 objective_final_mean=1196.3560 objective_best_mean=1663.8711 objective_mean_improvement=707.0998 objective_improved_fraction=0.7500
Train: policy_loss=0.000062 value_loss=0.339063 explained_variance=0.062256 clip_ratio=0.000000
System: rss_gb=2.59 hwm_gb=2.59 gpu_peak_mem_mb=180.2 graph_nodes=9640 graph_edges=17384 cached_states=1909 discovered_states=1901 hot_cache=1901 shared_subcomplex_cache=1934 shared_transition_cache=1934 data_graph_cache=1934 data_subcomplex_cache=1934 count_bonus_tracked_states=0
Timing: rollout_sec=61.66 bootstrap_sec=0.02 prepare_sec=0.00 train_sec=0.07 eval_sec=0.08 iteration_sec=61.84
Iteration 21/25
Rollout: return=1.0399 return_std=0.6719 return_min=-0.0844 return_max=2.6058 discounted_reward=0.9831 success_rate=0.0000 finished_fraction=0.0000 finished_count=0 mean_candidates=9.9000 valid_action_fraction=1.0000 frt_hits=0 collapsed_hits=0 dead_end_hits=0 all_step_resets=0 expanded_states=72 discovered_states=240 objective_initial_mean=521.7874 objective_final_mean=1526.4559 objective_best_mean=1910.2078 objective_mean_improvement=1388.4204 objective_improved_fraction=1.0000
Eval: return=0.2532 return_std=0.6739 return_min=-1.2522 return_max=1.0153 discounted_reward=0.3035 success_rate=0.0000 finished_fraction=0.0000 finished_count=0 mean_candidates=12.4125 valid_action_fraction=1.0000 frt_hits=0 collapsed_hits=0 dead_end_hits=0 all_step_resets=0 expanded_states=0 discovered_states=0 objective_initial_mean=752.3637 objective_final_mean=963.5662 objective_best_mean=1550.0182 objective_mean_improvement=797.6545 objective_improved_fraction=0.8125
Train: policy_loss=0.000055 value_loss=0.262131 explained_variance=0.076997 clip_ratio=0.000000
System: rss_gb=2.63 hwm_gb=2.63 gpu_peak_mem_mb=179.9 graph_nodes=9880 graph_edges=18026 cached_states=1981 discovered_states=1973 hot_cache=1973 shared_subcomplex_cache=2006 shared_transition_cache=2006 data_graph_cache=2006 data_subcomplex_cache=2006 count_bonus_tracked_states=0
Timing: rollout_sec=59.17 bootstrap_sec=0.02 prepare_sec=0.00 train_sec=0.07 eval_sec=0.08 iteration_sec=59.34
Iteration 22/25
Rollout: return=1.3139 return_std=0.8855 return_min=-0.0626 return_max=3.3672 discounted_reward=1.2324 success_rate=0.0000 finished_fraction=0.0000 finished_count=0 mean_candidates=10.0125 valid_action_fraction=1.0000 frt_hits=0 collapsed_hits=0 dead_end_hits=0 all_step_resets=0 expanded_states=75 discovered_states=258 objective_initial_mean=581.8036 objective_final_mean=2191.4418 objective_best_mean=2764.5108 objective_mean_improvement=2182.7072 objective_improved_fraction=1.0000
Eval: return=0.0784 return_std=0.8122 return_min=-1.2522 return_max=1.0153 discounted_reward=0.1251 success_rate=0.0000 finished_fraction=0.0000 finished_count=0 mean_candidates=11.6188 valid_action_fraction=1.0000 frt_hits=0 collapsed_hits=0 dead_end_hits=0 all_step_resets=0 expanded_states=0 discovered_states=0 objective_initial_mean=1009.3249 objective_final_mean=1145.2753 objective_best_mean=1655.5371 objective_mean_improvement=646.2122 objective_improved_fraction=0.7188
Train: policy_loss=-0.000035 value_loss=0.408790 explained_variance=0.019579 clip_ratio=0.000000
System: rss_gb=2.67 hwm_gb=2.67 gpu_peak_mem_mb=180.5 graph_nodes=10138 graph_edges=18692 cached_states=2056 discovered_states=2048 hot_cache=2048 shared_subcomplex_cache=2081 shared_transition_cache=2081 data_graph_cache=2081 data_subcomplex_cache=2081 count_bonus_tracked_states=0
Timing: rollout_sec=62.60 bootstrap_sec=0.02 prepare_sec=0.00 train_sec=0.08 eval_sec=0.08 iteration_sec=62.77
Iteration 23/25
Rollout: return=0.8652 return_std=0.7401 return_min=-0.2864 return_max=2.8919 discounted_reward=0.8282 success_rate=0.0000 finished_fraction=0.0000 finished_count=0 mean_candidates=9.7000 valid_action_fraction=1.0000 frt_hits=0 collapsed_hits=0 dead_end_hits=0 all_step_resets=0 expanded_states=87 discovered_states=254 objective_initial_mean=515.7339 objective_final_mean=1332.5992 objective_best_mean=1841.6431 objective_mean_improvement=1325.9092 objective_improved_fraction=0.9375
Eval: return=0.1769 return_std=0.7916 return_min=-1.2522 return_max=1.0153 discounted_reward=0.2252 success_rate=0.0000 finished_fraction=0.0000 finished_count=0 mean_candidates=11.7312 valid_action_fraction=1.0000 frt_hits=0 collapsed_hits=0 dead_end_hits=0 all_step_resets=0 expanded_states=0 discovered_states=0 objective_initial_mean=892.4137 objective_final_mean=1104.7598 objective_best_mean=1627.3815 objective_mean_improvement=734.9679 objective_improved_fraction=0.7812
Train: policy_loss=0.000069 value_loss=0.247233 explained_variance=0.067992 clip_ratio=0.000000
System: rss_gb=2.72 hwm_gb=2.72 gpu_peak_mem_mb=180.2 graph_nodes=10392 graph_edges=19457 cached_states=2143 discovered_states=2135 hot_cache=2135 shared_subcomplex_cache=2168 shared_transition_cache=2168 data_graph_cache=2168 data_subcomplex_cache=2168 count_bonus_tracked_states=0
Timing: rollout_sec=70.35 bootstrap_sec=0.02 prepare_sec=0.00 train_sec=0.08 eval_sec=0.08 iteration_sec=70.53
Iteration 24/25
Rollout: return=1.2352 return_std=0.8984 return_min=-0.5676 return_max=2.8483 discounted_reward=1.1906 success_rate=0.0000 finished_fraction=0.0000 finished_count=0 mean_candidates=10.2500 valid_action_fraction=1.0000 frt_hits=0 collapsed_hits=0 dead_end_hits=0 all_step_resets=0 expanded_states=71 discovered_states=197 objective_initial_mean=326.5319 objective_final_mean=1379.2916 objective_best_mean=1818.8733 objective_mean_improvement=1492.3414 objective_improved_fraction=1.0000
Eval: return=0.1308 return_std=0.6474 return_min=-1.2522 return_max=1.0153 discounted_reward=0.1808 success_rate=0.0000 finished_fraction=0.0000 finished_count=0 mean_candidates=12.2000 valid_action_fraction=1.0000 frt_hits=0 collapsed_hits=0 dead_end_hits=0 all_step_resets=0 expanded_states=0 discovered_states=0 objective_initial_mean=1025.0235 objective_final_mean=1130.3419 objective_best_mean=1619.7891 objective_mean_improvement=594.7656 objective_improved_fraction=0.6250
Train: policy_loss=0.000008 value_loss=0.372122 explained_variance=0.119878 clip_ratio=0.000000
System: rss_gb=2.76 hwm_gb=2.76 gpu_peak_mem_mb=178.8 graph_nodes=10589 graph_edges=20089 cached_states=2214 discovered_states=2206 hot_cache=2206 shared_subcomplex_cache=2239 shared_transition_cache=2239 data_graph_cache=2239 data_subcomplex_cache=2239 count_bonus_tracked_states=0
Timing: rollout_sec=57.01 bootstrap_sec=0.02 prepare_sec=0.00 train_sec=0.07 eval_sec=0.08 iteration_sec=57.19
Iteration 25/25
Rollout: return=1.2952 return_std=0.7340 return_min=0.0829 return_max=2.9379 discounted_reward=1.2243 success_rate=0.0000 finished_fraction=0.0000 finished_count=0 mean_candidates=9.8938 valid_action_fraction=1.0000 frt_hits=0 collapsed_hits=0 dead_end_hits=0 all_step_resets=0 expanded_states=73 discovered_states=231 objective_initial_mean=408.9779 objective_final_mean=1750.4374 objective_best_mean=2252.7886 objective_mean_improvement=1843.8108 objective_improved_fraction=1.0000
Eval: return=0.0526 return_std=0.7825 return_min=-1.2522 return_max=1.0153 discounted_reward=0.1138 success_rate=0.0000 finished_fraction=0.0000 finished_count=0 mean_candidates=12.0250 valid_action_fraction=1.0000 frt_hits=0 collapsed_hits=0 dead_end_hits=0 all_step_resets=0 expanded_states=0 discovered_states=0 objective_initial_mean=930.7815 objective_final_mean=1005.8289 objective_best_mean=1600.4017 objective_mean_improvement=669.6202 objective_improved_fraction=0.7500
Train: policy_loss=-0.000001 value_loss=0.382933 explained_variance=-0.173135 clip_ratio=0.000000
System: rss_gb=2.80 hwm_gb=2.80 gpu_peak_mem_mb=180.0 graph_nodes=10820 graph_edges=20711 cached_states=2287 discovered_states=2279 hot_cache=2279 shared_subcomplex_cache=2312 shared_transition_cache=2312 data_graph_cache=2312 data_subcomplex_cache=2312 count_bonus_tracked_states=0
Timing: rollout_sec=56.23 bootstrap_sec=0.02 prepare_sec=0.00 train_sec=0.08 eval_sec=0.08 iteration_sec=56.40
